2026-01-20 13:11:10,569 - aiogram.dispatcher - INFO - Polling stopped
2026-01-20 13:11:10,570 - aiogram.dispatcher - ERROR - Failed to fetch updates - TelegramNetworkError: HTTP Client says - ServerDisconnectedError: Server disconnected
2026-01-20 13:11:10,570 - aiogram.dispatcher - WARNING - Sleep for 1.000000 seconds and try again... (tryings = 0, bot id = 8274281693)
2026-01-20 13:11:10,832 - aiogram.dispatcher - INFO - Polling stopped for bot @kiber_inspektorBot id=8274281693 - 'Kiber-inspektor'
2026-01-20 13:11:23,171 - aiogram.dispatcher - INFO - Start polling
2026-01-20 13:11:23,267 - aiogram.dispatcher - INFO - Run polling for bot @kiber_inspektorBot id=8274281693 - 'Kiber-inspektor'
2026-01-20 13:13:04,688 - aiogram.event - INFO - Update id=91128944 is handled. Duration 313 ms by bot id=8274281693
2026-01-20 13:13:20,245 - aiogram.event - INFO - Update id=91128945 is handled. Duration 126 ms by bot id=8274281693
2026-01-20 13:14:14,561 - aiogram.dispatcher - INFO - Polling stopped
2026-01-20 13:14:14,562 - aiogram.dispatcher - ERROR - Failed to fetch updates - TelegramNetworkError: HTTP Client says - ServerDisconnectedError: Server disconnected
2026-01-20 13:14:14,562 - aiogram.dispatcher - WARNING - Sleep for 1.000000 seconds and try again... (tryings = 0, bot id = 8274281693)
2026-01-20 13:14:14,817 - aiogram.dispatcher - INFO - Polling stopped for bot @kiber_inspektorBot id=8274281693 - 'Kiber-inspektor'
2026-01-20 13:14:23,064 - aiogram.dispatcher - INFO - Start polling
2026-01-20 13:14:23,179 - aiogram.dispatcher - INFO - Run polling for bot @kiber_inspektorBot id=8274281693 - 'Kiber-inspektor'
2026-01-20 13:16:00,289 - aiogram.dispatcher - INFO - Polling stopped
2026-01-20 13:16:00,290 - aiogram.dispatcher - ERROR - Failed to fetch updates - TelegramNetworkError: HTTP Client says - ServerDisconnectedError: Server disconnected
2026-01-20 13:16:00,290 - aiogram.dispatcher - WARNING - Sleep for 1.000000 seconds and try again... (tryings = 0, bot id = 8274281693)
2026-01-20 13:16:00,544 - aiogram.dispatcher - INFO - Polling stopped for bot @kiber_inspektorBot id=8274281693 - 'Kiber-inspektor'
2026-01-20 13:16:19,224 - aiogram.dispatcher - INFO - Start polling
2026-01-20 13:16:19,321 - aiogram.dispatcher - INFO - Run polling for bot @kiber_inspektorBot id=8274281693 - 'Kiber-inspektor'
2026-01-20 13:16:35,657 - aiogram.event - INFO - Update id=91128946 is handled. Duration 312 ms by bot id=8274281693
